therion 6.0.5 (2022-02-20)
  - using Proj 8.2.1, compiled against 8.2.1
initialization file: /etc/therion.ini
reading ... done
checking optional fonts csr10 csti10 csbx10 csss10 csssi10 ... OK
checking optional fonts cmcyr10 cmcti10 cmcbx10 cmcss10 cmcssi10 ... OK
configuration file: MasterConfig.thconfig
reading ... done
reading source files ... done
preprocessing database ... done
scanning centreline tree ... done
searching for centerline loops ... done
calculating station coordinates ... done
processing survey data ... 
####################### cavern log file ########################
 1> Survex 1.4.1
 2> Copyright © 1990-2021 Olly Betts
 3> 
 4> Survey contains 14 survey stations, joined by 0 shots.
 5> There are 0 loops.
 6> Survey has 14 connected components.
 7> Total length of survey shots =    0.00m (   0.00m adjusted)
 8> Total plan length of survey shots =    0.00m
 9> Total vertical length of survey shots =    0.00m
10> Vertical range = 20.84m (from 9 at 325.64m to 1 at 304.80m)
11> North-South range = 25.19m (from 9 at 35.23m to 1 at 10.04m)
12> East-West range = 6.02m (from 10 at -26.67m to 1 at -32.68m)
13>   14 0-nodes.
14> 
######################### transcription ########################
 4> 14 : A16@ManillaThrilla
 6> 14 : A16@ManillaThrilla
10> 9 : A9@ManillaThrilla -- 1 : A1@ManillaThrilla
11> 9 : A9@ManillaThrilla -- 1 : A1@ManillaThrilla
12> 10 : A12@ManillaThrilla -- 1 : A1@ManillaThrilla
13> 14 : A16@ManillaThrilla
#################### end of cavern log file ####################
done
calculating basic statistics ... done
processing extended elevation ... done
processing references ... done
selecting export objects ... done
processing projection plan ... done
average distortion: 0.04%


############### export maps & scraps selection #################
M   312.44 planMap@ManillaThrilla ()
S   314.30 manilla_rope_cave-1p@ManillaThrilla ()
S   310.58 manilla_rope_cave-1p1@ManillaThrilla ()
########## end of export maps & scraps selection ###############
writing manila_plan.svg ...
####################### metapost log file ########################
This is MetaPost, version 2.02 (TeX Live 2022) (kpathsea version 6.3.4)  1 MAY 2023 23:47
**data.mp
(/usr/local/texlive/2022/texmf-dist/metapost/base/mpost.mp
(/usr/local/texlive/2022/texmf-dist/metapost/base/plain.mp
Preloading the plain mem file, version 1.005) ) (./data.mp
{randomseed:=42}
 [1] [2] [3] [4]
[5] [6] [7] [8] [9] [10] [11] [12] [13] [14]
[1] [2] [3] [4] [5]
[Warning: scrap outline intersects itself in scrap manilla_rope_cave-1p@Manilla
Thrilla] [6] [7] [8] [9] (./mptextmp.mp) [10] [11] [12] [13] [14] [15] [16]
[17] [18] [19] [20] [21] [22] [23] [24] )
 
Here is how much of MetaPost's memory you used:
 11722 strings using 292290 characters
 3420728 bytes of node memory
 1883 symbolic tokens
 9i,82n,20p,533b,5f stack positions out of 16i,98n,25p,608b,6f
38 output files written: data-patt.1 .. data.24


#################### end of metapost log file ####################
converting scraps ... done
making svg map ... done
done


############### export maps & scraps selection #################
M   312.44 planMap@ManillaThrilla ()
S   314.30 manilla_rope_cave-1p@ManillaThrilla ()
S   310.58 manilla_rope_cave-1p1@ManillaThrilla ()
########## end of export maps & scraps selection ###############
writing manila_plan.pdf ...
####################### metapost log file ########################
This is MetaPost, version 2.02 (TeX Live 2022) (kpathsea version 6.3.4)  1 MAY 2023 23:47
**data.mp
(/usr/local/texlive/2022/texmf-dist/metapost/base/mpost.mp
(/usr/local/texlive/2022/texmf-dist/metapost/base/plain.mp
Preloading the plain mem file, version 1.005) ) (./data.mp
{randomseed:=42}
 [1] [2] [3] [4]
[5] [6] [7] [8] [9] [10] [11] [12] [13] [14]
[1] [2] [3] [4] [5]
[Warning: scrap outline intersects itself in scrap manilla_rope_cave-1p@Manilla
Thrilla] [6] [7] [8] [9] (./mptextmp.mp) [10] [11] [12] [13] [14] [15] [16]
[17] [18] [19] [20] [21] [22] [23] [24] )
 
Here is how much of MetaPost's memory you used:
 11722 strings using 292290 characters
 3420728 bytes of node memory
 1883 symbolic tokens
 9i,82n,20p,533b,5f stack positions out of 16i,98n,25p,608b,6f
38 output files written: data-patt.1 .. data.24


#################### end of metapost log file ####################
converting scraps ... done
making map ... done
######################## pdftex log file #########################
This is pdfTeX, Version 3.141592653-2.6-1.40.24 (TeX Live 2022) (preloaded format=pdftex 2022.8.25)  1 MAY 2023 23:47
entering extended mode
 restricted \write18 enabled.
 %&-line parsing enabled.
**data.tex
(./data.tex (./th_enc.tex) (./th_texts.tex) (./th_resources.tex
(/usr/local/texlive/2022/texmf-dist/tex/generic/pdftex/glyphtounicode.tex))
(./th_fontdef.tex{/usr/local/texlive/2022/texmf-var/fonts/map/pdftex/updmap/pdf
tex.map})
(./th_formdef.tex) (./th_pagedef.tex (./th_legend.tex)) (./th_pages.tex)
 75 numeric registers used out of 32768

[1] ) 
Here is how much of TeX's memory you used:
 300 strings out of 494594
 4134 string characters out of 6146457
 105722 words of memory out of 5000000
 1955 multiletter control sequences out of 15000+600000
 21229 words of font info for 66 fonts, out of 8000000 for 9000
 1416 hyphenation exceptions out of 8191
 12i,5n,7p,1389b,76s stack positions out of 10000i,1000n,20000p,200000b,200000s
</usr/local/texlive/2022/texmf-dist/fonts/type1/public/amsfonts/cm/cmss10.
pfb></usr/local/texlive/2022/texmf-dist/fonts/type1/public/amsfonts/cm/cmssi10.
pfb>
Output written on data.pdf (1 page, 91363 bytes).
PDF statistics:
 88 PDF objects out of 1000 (max. 8388607)
 48 compressed objects within 1 object stream
 0 named destinations out of 1000 (max. 500000)
 217 words of extra memory for PDF output out of 10000 (max. 10000000)


##################### end of pdftex log file #####################
done
processing projection elevation ... done
average distortion: 3.96%


############### export maps & scraps selection #################
M    -3.44 profmap@ManillaThrilla ()
S    -3.32 manilla_rope_cave-1s@ManillaThrilla ()
S    -3.56 manilla_rope_cave-1s1@ManillaThrilla ()
########## end of export maps & scraps selection ###############
writing manila_prof.svg ...
####################### metapost log file ########################
This is MetaPost, version 2.02 (TeX Live 2022) (kpathsea version 6.3.4)  1 MAY 2023 23:47
**data.mp
(/usr/local/texlive/2022/texmf-dist/metapost/base/mpost.mp
(/usr/local/texlive/2022/texmf-dist/metapost/base/plain.mp
Preloading the plain mem file, version 1.005) ) (./data.mp
{randomseed:=42}
 [1] [2] [3] [4]
[5] [6] [7] [8] [9] [10] [11] [12] [13] [14]
[1] [2] [3] [4] [5] [6] [7] [8] (./mptextmp.mp) [9] [10] [11] [12] [13] [14]
[15] [16] [17] [18] [19] )
 
Here is how much of MetaPost's memory you used:
 11037 strings using 272655 characters
 3442464 bytes of node memory
 1873 symbolic tokens
 9i,82n,20p,335b,5f stack positions out of 16i,98n,25p,390b,6f
33 output files written: data-patt.1 .. data.19


#################### end of metapost log file ####################
converting scraps ... done
making svg map ... done
done


############### export maps & scraps selection #################
M    -3.44 profmap@ManillaThrilla ()
S    -3.32 manilla_rope_cave-1s@ManillaThrilla ()
S    -3.56 manilla_rope_cave-1s1@ManillaThrilla ()
########## end of export maps & scraps selection ###############
writing manila_prof.pdf ...
####################### metapost log file ########################
This is MetaPost, version 2.02 (TeX Live 2022) (kpathsea version 6.3.4)  1 MAY 2023 23:47
**data.mp
(/usr/local/texlive/2022/texmf-dist/metapost/base/mpost.mp
(/usr/local/texlive/2022/texmf-dist/metapost/base/plain.mp
Preloading the plain mem file, version 1.005) ) (./data.mp
{randomseed:=42}
 [1] [2] [3] [4]
[5] [6] [7] [8] [9] [10] [11] [12] [13] [14]
[1] [2] [3] [4] [5] [6] [7] [8] (./mptextmp.mp) [9] [10] [11] [12] [13] [14]
[15] [16] [17] [18] [19] )
 
Here is how much of MetaPost's memory you used:
 11037 strings using 272655 characters
 3442464 bytes of node memory
 1873 symbolic tokens
 9i,82n,20p,335b,5f stack positions out of 16i,98n,25p,390b,6f
33 output files written: data-patt.1 .. data.19


#################### end of metapost log file ####################
converting scraps ... done
making map ... done
######################## pdftex log file #########################
This is pdfTeX, Version 3.141592653-2.6-1.40.24 (TeX Live 2022) (preloaded format=pdftex 2022.8.25)  1 MAY 2023 23:47
entering extended mode
 restricted \write18 enabled.
 %&-line parsing enabled.
**data.tex
(./data.tex (./th_enc.tex) (./th_texts.tex) (./th_resources.tex
(/usr/local/texlive/2022/texmf-dist/tex/generic/pdftex/glyphtounicode.tex))
(./th_fontdef.tex{/usr/local/texlive/2022/texmf-var/fonts/map/pdftex/updmap/pdf
tex.map})
(./th_formdef.tex) (./th_pagedef.tex (./th_legend.tex)) (./th_pages.tex)
 70 numeric registers used out of 32768

[1] ) 
Here is how much of TeX's memory you used:
 295 strings out of 494594
 4095 string characters out of 6146457
 60989 words of memory out of 5000000
 1950 multiletter control sequences out of 15000+600000
 21229 words of font info for 66 fonts, out of 8000000 for 9000
 1416 hyphenation exceptions out of 8191
 12i,5n,7p,1389b,72s stack positions out of 10000i,1000n,20000p,200000b,200000s
</usr/local/texlive/2022/texmf-dist/fonts/type1/public/amsfonts/cm/cmss10.
pfb></usr/local/texlive/2022/texmf-dist/fonts/type1/public/amsfonts/cm/cmssi10.
pfb>
Output written on data.pdf (1 page, 72825 bytes).
PDF statistics:
 78 PDF objects out of 1000 (max. 8388607)
 43 compressed objects within 1 object stream
 0 named destinations out of 1000 (max. 500000)
 187 words of extra memory for PDF output out of 10000 (max. 10000000)


##################### end of pdftex log file #####################
done
writing xtherion file ... done
compilation time: 2 sec


###################### scrap distortions #######################
 PROJECTION: plan
 AVERAGE  MAXIMAL  SCRAP
   0.04%    4.63%  manilla_rope_cave-1p@ManillaThrilla
   0.08%    0.53%  manilla_rope_cave-1p1@ManillaThrilla
################### end of scrap distortions ###################


###################### scrap distortions #######################
 PROJECTION: elevation
 AVERAGE  MAXIMAL  SCRAP
   3.65%   52.38%  manilla_rope_cave-1s@ManillaThrilla
   4.93%   41.28%  manilla_rope_cave-1s1@ManillaThrilla
################### end of scrap distortions ###################
